Log file open, 01/15/19 23:12:22
LogInit:Display: Running engine for game: BattleTank2
LogPlatformFile: Not using cached read wrapper
LogInit:Display: RandInit(-817310662) SRandInit(-817310662).
LogTaskGraph: Started task graph with 5 named threads and 8 total threads with 1 sets of task threads.
LogStats: Stats thread started at 0.125227
LogInit: Using libcurl 7.47.1
LogInit:  - built for x86_64-pc-win32
LogInit:  - supports SSL with OpenSSL/1.0.2g
LogInit:  - supports HTTP deflate (compression) using libz 1.2.8
LogInit:  - other features:
LogInit:      CURL_VERSION_SSL
LogInit:      CURL_VERSION_LIBZ
LogInit:      CURL_VERSION_IPV6
LogInit:      CURL_VERSION_ASYNCHDNS
LogInit:      CURL_VERSION_LARGEFILE
LogInit:      CURL_VERSION_IDN
LogInit:  CurlRequestOptions (configurable via config and command line):
LogInit:  - bVerifyPeer = false  - Libcurl will NOT verify peer certificate
LogInit:  - bUseHttpProxy = false  - Libcurl will NOT use HTTP proxy
LogInit:  - bDontReuseConnections = false  - Libcurl will reuse connections
LogInit:  - CertBundlePath = nullptr  - Libcurl will use whatever was configured at build time.
LogInit: Build: ++UE4+Release-4.15-CL-3450819
LogInit: Engine Version: 4.15.3-3450819+++UE4+Release-4.15
LogInit: Compatible Engine Version: 4.15.0-3299760+++UE4+Release-4.15
LogInit: Net CL: 3299760
LogDevObjectVersion: Number of dev versions registered: 14
LogDevObjectVersion:   Dev-Blueprints (B0D832E4-1F89-4F0D-ACCF-7EB736FD4AA2): 8
LogDevObjectVersion:   Dev-Build (E1C64328-A22C-4D53-A36C-8E866417BD8C): 0
LogDevObjectVersion:   Dev-Core (375EC13C-06E4-48FB-B500-84F0262A717E): 2
LogDevObjectVersion:   Dev-Editor (E4B068ED-F494-42E9-A231-DA0B2E46BB41): 14
LogDevObjectVersion:   Dev-Framework (CFFC743F-43B0-4480-9391-14DF171D2073): 22
LogDevObjectVersion:   Dev-Mobile (B02B49B5-BB20-44E9-A304-32B752E40360): 0
LogDevObjectVersion:   Dev-Networking (A4E4105C-59A1-49B5-A7C5-40C4547EDFEE): 0
LogDevObjectVersion:   Dev-Online (39C831C9-5AE6-47DC-9A44-9C173E1C8E7C): 0
LogDevObjectVersion:   Dev-Physics (78F01B33-EBEA-4F98-B9B4-84EACCB95AA2): 0
LogDevObjectVersion:   Dev-Platform (6631380F-2D4D-43E0-8009-CF276956A95A): 0
LogDevObjectVersion:   Dev-Rendering (12F88B9F-8875-4AFC-A67C-D90C383ABD29): 12
LogDevObjectVersion:   Dev-Sequencer (7B5AE74C-D270-4C10-A958-57980B212A5A): 3
LogDevObjectVersion:   Dev-VR (D7296918-1DD6-4BDD-9DE2-64A83CC13884): 0
LogDevObjectVersion:   Dev-LoadTimes (C2A15278-BFE7-4AFE-6C17-90FF531DF755): 1
LogInit: Compiled (64-bit): May 21 2017 11:02:34
LogInit: Compiled with Visual C++: 19.00.23026.00
LogInit: Build Configuration: Development
LogInit: Branch Name: ++UE4+Release-4.15
LogInit: Command line: -EpicPortal  -epicusername="Sendego" -epicuserid=4d2311037c8a4594af32dfa2982fc2b5 -epiclocale=en-US
LogInit: Base directory: C:/Program Files (x86)/Epic Games/UE_4.15/Engine/Binaries/Win64/
LogInit: Installed Engine Build: 1
LogInit: Presizing for max 8388607 objects, including 0 objects not considered by GC, pre-allocating 0 bytes for permanent pool.
LogInit: Object subsystem initialized
[2019.01.16-04.12.24:415][  0]LogInit: Selected Device Profile: [Windows]
[2019.01.16-04.12.24:415][  0]LogInit: Applying CVar settings loaded from the selected device profile: [Windows]
[2019.01.16-04.12.24:430][  0]LogInit: Computer: JESUS-PC
[2019.01.16-04.12.24:430][  0]LogInit: User: jesus
[2019.01.16-04.12.24:430][  0]LogInit: CPU Page size=65536, Cores=4
[2019.01.16-04.12.24:430][  0]LogInit: High frequency timer resolution =3.331181 MHz
[2019.01.16-04.12.24:431][  0]LogMemory: Memory total: Physical=8.0GB (8GB approx)
[2019.01.16-04.12.24:431][  0]LogMemory: Platform Memory Stats for Windows
[2019.01.16-04.12.24:431][  0]LogMemory: Process Physical Memory: 263.47 MB used, 263.47 MB peak
[2019.01.16-04.12.24:431][  0]LogMemory: Process Virtual Memory: 262.44 MB used, 262.44 MB peak
[2019.01.16-04.12.24:431][  0]LogMemory: Physical Memory: 5508.66 MB used,  2648.21 MB free, 8156.87 MB total
[2019.01.16-04.12.24:431][  0]LogMemory: Virtual Memory: 4781.24 MB used,  2648.21 MB free, 134217728.00 MB total
[2019.01.16-04.12.24:634][  0]LogTextLocalizationManager: No specific translations for ('en-US') exist, so ('en') translations will be used.
[2019.01.16-04.12.25:619][  0]LogD3D11RHI: D3D11 adapters:
[2019.01.16-04.12.25:717][  0]LogD3D11RHI:    0. 'NVIDIA GeForce GTX 970' (Feature Level 11_0)
[2019.01.16-04.12.25:717][  0]LogD3D11RHI:       4043/0/4078 MB DedicatedVideo/DedicatedSystem/SharedSystem, Outputs:3, VendorId:0x10de
[2019.01.16-04.12.25:721][  0]LogD3D11RHI:    1. 'Microsoft Basic Render Driver' (Feature Level 11_0)
[2019.01.16-04.12.25:721][  0]LogD3D11RHI:       0/0/4078 MB DedicatedVideo/DedicatedSystem/SharedSystem, Outputs:0, VendorId:0x1414
[2019.01.16-04.12.25:721][  0]LogD3D11RHI: Chosen D3D11 Adapter: 0
[2019.01.16-04.12.25:734][  0]LogD3D11RHI: Creating new Direct3DDevice
[2019.01.16-04.12.25:734][  0]LogD3D11RHI:     GPU DeviceId: 0x13c2 (for the marketing name, search the web for "GPU Device Id")
[2019.01.16-04.12.25:734][  0]LogWindows: EnumDisplayDevices:
[2019.01.16-04.12.25:734][  0]LogWindows:    0. 'NVIDIA GeForce GTX 970' (P:0 D:1)
[2019.01.16-04.12.25:734][  0]LogWindows:    1. 'NVIDIA GeForce GTX 970' (P:0 D:1)
[2019.01.16-04.12.25:735][  0]LogWindows:    2. 'NVIDIA GeForce GTX 970' (P:1 D:1)
[2019.01.16-04.12.25:735][  0]LogWindows:    3. 'NVIDIA GeForce GTX 970' (P:0 D:0)
[2019.01.16-04.12.25:735][  0]LogWindows: DebugString: GetVideoDriverDetailsInvalid PrimaryIsNotTheChoosenAdapter GetVideoDriverDetailsInvalid PrimaryIsNotTheChoosenAdapter GetVideoDriverDetailsInvalid PrimaryIsNotTheChoosenAdapter GetVideoDriverDetailsInvalid PrimaryIsNotTheChoosenAdapter FoundDriverCount:0 
[2019.01.16-04.12.25:736][  0]LogD3D11RHI:     Adapter Name: NVIDIA GeForce GTX 970
[2019.01.16-04.12.25:736][  0]LogD3D11RHI:   Driver Version: Unknown (internal:Unknown, unified:Unknown)
[2019.01.16-04.12.25:736][  0]LogD3D11RHI:      Driver Date: Unknown
[2019.01.16-04.12.25:736][  0]LogRHI: Texture pool is 1361 MB (70% of 1945 MB)
[2019.01.16-04.12.25:818][  0]LogD3D11RHI: Async texture creation enabled
[2019.01.16-04.12.25:869][  0]LogD3D11RHI: GPU Timing Frequency: 1000.000000 (Debug: 2 2)
[2019.01.16-04.12.25:923][  0]LogShaderCompilers: Guid format shader working directory is -31 characters bigger than the processId version (../../../../../../Users/jesus/Documents/UnrealCourse2/Section_04/BattleTank2/Intermediate/Shaders/WorkingDirectory/10140/).
[2019.01.16-04.12.25:924][  0]LogShaderCompilers: Cleaned the shader compiler working directory 'C:/Users/jesus/AppData/Local/Temp/UnrealShaderWorkingDir/F8BC23C24FD6AE6E3CA7BA9C763D247B/'.
[2019.01.16-04.12.25:924][  0]LogShaderCompilers:Display: Using Local Shader Compiler.
[2019.01.16-04.12.27:893][  0]LogTemp:Display: Loaded TP AllDesktopTargetPlatform
[2019.01.16-04.12.28:068][  0]LogTemp:Display: Loaded TP MacClientTargetPlatform
[2019.01.16-04.12.28:238][  0]LogTemp:Display: Loaded TP MacNoEditorTargetPlatform
[2019.01.16-04.12.28:418][  0]LogTemp:Display: Loaded TP MacServerTargetPlatform
[2019.01.16-04.12.28:582][  0]LogTemp:Display: Loaded TP MacTargetPlatform
[2019.01.16-04.12.28:757][  0]LogTemp:Display: Loaded TP WindowsClientTargetPlatform
[2019.01.16-04.12.28:968][  0]LogTemp:Display: Loaded TP WindowsNoEditorTargetPlatform
[2019.01.16-04.12.29:147][  0]LogTemp:Display: Loaded TP WindowsServerTargetPlatform
[2019.01.16-04.12.29:308][  0]LogTemp:Display: Loaded TP WindowsTargetPlatform
[2019.01.16-04.12.29:486][  0]LogTemp:Display: Loaded TP AndroidTargetPlatform
[2019.01.16-04.12.29:652][  0]LogTemp:Display: Loaded TP Android_ASTCTargetPlatform
[2019.01.16-04.12.29:820][  0]LogTemp:Display: Loaded TP Android_ATCTargetPlatform
[2019.01.16-04.12.29:996][  0]LogTemp:Display: Loaded TP Android_DXTTargetPlatform
[2019.01.16-04.12.30:206][  0]LogTemp:Display: Loaded TP Android_ETC1TargetPlatform
[2019.01.16-04.12.30:412][  0]LogTemp:Display: Loaded TP Android_ETC2TargetPlatform
[2019.01.16-04.12.30:759][  0]LogTemp:Display: Loaded TP Android_MultiTargetPlatform
[2019.01.16-04.12.30:759][  0]LogTemp:Display: Loaded TP Android_PVRTCTargetPlatform
[2019.01.16-04.12.30:901][  0]LogTemp:Display: Loaded TP HTML5TargetPlatform
[2019.01.16-04.12.31:184][  0]LogTemp:Display: Loaded TP IOSTargetPlatform
[2019.01.16-04.12.31:291][  0]LogTemp:Display: Loaded TP TVOSTargetPlatform
[2019.01.16-04.12.31:496][  0]LogTemp:Display: Loaded TP LinuxClientTargetPlatform
[2019.01.16-04.12.31:687][  0]LogTemp:Display: Loaded TP LinuxNoEditorTargetPlatform
[2019.01.16-04.12.31:863][  0]LogTemp:Display: Loaded TP LinuxServerTargetPlatform
[2019.01.16-04.12.32:048][  0]LogTemp:Display: Loaded TP LinuxTargetPlatform
[2019.01.16-04.12.32:048][  0]LogTargetPlatformManager:Display: Building Assets For Windows
[2019.01.16-04.12.33:509][  0]LogDerivedDataCache:Display: Max Cache Size: 512 MB
[2019.01.16-04.12.33:609][  0]LogDerivedDataCache: Loaded boot cache 0.10s 50MB C:/Users/jesus/AppData/Local/UnrealEngine/4.15/DerivedDataCache/Boot.ddc.
[2019.01.16-04.12.33:610][  0]LogDerivedDataCache:Display: Loaded Boot cache: C:/Users/jesus/AppData/Local/UnrealEngine/4.15/DerivedDataCache/Boot.ddc
[2019.01.16-04.12.33:610][  0]LogDerivedDataCache: FDerivedDataBackendGraph:  Pak pak cache file ../../../../../../Users/jesus/Documents/UnrealCourse2/Section_04/BattleTank2/DerivedDataCache/DDC.ddp not found, will not use a pak cache.
[2019.01.16-04.12.33:610][  0]LogDerivedDataCache: Unable to find inner node Pak for hierarchical cache Hierarchy.
[2019.01.16-04.12.33:610][  0]LogDerivedDataCache: FDerivedDataBackendGraph:  CompressedPak pak cache file ../../../../../../Users/jesus/Documents/UnrealCourse2/Section_04/BattleTank2/DerivedDataCache/Compressed.ddp not found, will not use a pak cache.
[2019.01.16-04.12.33:610][  0]LogDerivedDataCache: Unable to find inner node CompressedPak for hierarchical cache Hierarchy.
[2019.01.16-04.12.33:631][  0]LogDerivedDataCache:Display: Pak cache opened for reading ../../../Engine/DerivedDataCache/Compressed.ddp.
[2019.01.16-04.12.33:644][  0]LogDerivedDataCache: Using Local data cache path C:/Users/jesus/AppData/Local/UnrealEngine/Common/DerivedDataCache: Writable
[2019.01.16-04.12.33:657][  0]LogSlate: Using Freetype 2.6.0
[2019.01.16-04.12.33:658][  0]LogSlate: SlateFontCache - WITH_FREETYPE: 1, WITH_HARFBUZZ: 1
[2019.01.16-04.12.33:658][  0]LogSlate: SlateFontCache - WITH_FREETYPE: 1, WITH_HARFBUZZ: 1
[2019.01.16-04.12.34:123][  0]LogInit: Selected Device Profile: [Windows]
[2019.01.16-04.12.34:129][  0]LogContentStreaming: Texture pool size is 0.00 MB
[2019.01.16-04.12.34:571][  0]LogMeshUtilities: Using QuadricMeshReduction for automatic static mesh reduction
[2019.01.16-04.12.34:696][  0]LogSimplygon: Simplygon DLL not present - disabling.
[2019.01.16-04.12.34:829][  0]LogMeshUtilities: Using SimplygonSwarm for distributed automatic mesh merging
[2019.01.16-04.12.34:829][  0]LogMeshUtilities: No automatic skeletal mesh reduction module available
[2019.01.16-04.12.34:829][  0]LogMeshUtilities: No automatic mesh merging module available
[2019.01.16-04.12.35:834][  0]LogNetVersion: GetLocalNetworkVersion: CL: 3299760, ProjectName: battletank2, ProjectVersion: , EngineNetworkVersion: 2, GameNetworkVersion: 0, NetworkChecksum: 3603078852
[2019.01.16-04.12.35:925][  0]LogAssetRegistry: FAssetRegistry took 0.0220 seconds to start up
[2019.01.16-04.12.36:033][  0]LogPackageLocalizationCache: Processed 3 localized package path(s) for 2 prioritized culture(s) in 0.043512 seconds
[2019.01.16-04.12.36:041][  0]LogUObjectArray: 32493 objects as part of root set at end of initial load.
[2019.01.16-04.12.36:041][  0]LogUObjectAllocator: 7077024 out of 0 bytes used by permanent object pool.
[2019.01.16-04.12.36:041][  0]LogUObjectArray: CloseDisregardForGC: 0/0 objects in disregard for GC pool
[2019.01.16-04.12.36:230][  0]LogInit: WinSock: version 1.1 (2.2), MaxSocks=32767, MaxUdp=65467
[2019.01.16-04.12.40:249][  0]LogTcpMessaging: Initializing TcpMessaging bridge
[2019.01.16-04.12.40:376][  0]LogUdpMessaging: Initializing bridge on interface 0.0.0.0:0 to multicast group 230.0.0.1:6666.
[2019.01.16-04.12.41:867][  0]LogMaterial: Uniform references updated for custom material expression Custom.
[2019.01.16-04.12.43:162][  0]SourceControl: Info Source control is disabled
[2019.01.16-04.12.43:304][  0]SourceControl: Info Source control is disabled
[2019.01.16-04.12.43:509][  0]SourceControl: Info Source control is disabled
[2019.01.16-04.12.43:705][  0]SourceControl: Info Source control is disabled
[2019.01.16-04.12.48:698][  0]LogEngine: Initializing Engine...
[2019.01.16-04.12.48:700][  0]LogHMD: Failed to initialize OpenVR with code 110
[2019.01.16-04.12.48:993][  0]LogStats: UGameplayTagsManager::ConstructGameplayTagTree: Construct from data asset -  0.000 s
[2019.01.16-04.12.48:993][  0]LogStats: UGameplayTagsManager::ConstructGameplayTagTree: GameplayTagTreeChangedEvent.Broadcast -  0.000 s
[2019.01.16-04.12.49:525][  0]LogAIModule: Creating AISystem for world Untitled
[2019.01.16-04.12.49:701][  0]LogInit: XAudio2 using 'Headphones (2- Razer Kraken USB)' : 2 channels at 48 kHz using 16 bits per sample (channel mask 0x3)
[2019.01.16-04.12.49:879][  0]LogInit: FAudioDevice initialized.
[2019.01.16-04.12.49:963][  0]LogDerivedDataCache: Saved boot cache 0.08s 50MB C:/Users/jesus/AppData/Local/UnrealEngine/4.15/DerivedDataCache/Boot.ddc.
[2019.01.16-04.12.50:004][  0]LogInit: Texture streaming: Enabled
[2019.01.16-04.12.50:582][  0]LogEngineSessionManager: EngineSessionManager initialized
[2019.01.16-04.12.51:040][  0]LogInit: Transaction tracking system initialized
[2019.01.16-04.12.52:514][  0]BlueprintLog: New page: Editor Load
[2019.01.16-04.12.56:104][  0]LocalizationService: Info Localization service is disabled
[2019.01.16-04.12.58:859][  0]LogConsoleResponse:Display: 
[2019.01.16-04.12.59:236][  0]LogFileCache: Scanning file cache for directory 'C:/Users/jesus/Documents/UnrealCourse2/Section_04/BattleTank2/Content/' took 0.01s
[2019.01.16-04.12.59:236][  0]LogCook:Display: Max memory allowance for cook 16384mb min free memory 0mb
[2019.01.16-04.12.59:236][  0]LogCook:Display: Mobile HDR setting 1
[2019.01.16-04.13.02:884][  0]SourceControl: Info Source control is disabled
[2019.01.16-04.13.02:884][  0]Cmd: MAP LOAD FILE="../../../Engine/Content/Maps/Templates/Template_Default.umap" TEMPLATE=1 SHOWPROGRESS=1 FEATURELEVEL=3
[2019.01.16-04.13.02:885][  0]LightingResults: New page: Lighting Build
[2019.01.16-04.13.03:010][  0]MapCheck: New page: Map Check
[2019.01.16-04.13.03:010][  0]LightingResults: New page: Lighting Build
[2019.01.16-04.13.03:288][  0]LogAIModule: Creating AISystem for world Untitled_1
[2019.01.16-04.13.03:322][  0]LogActorComponent: RegisterComponentWithWorld: (/Temp/Untitled_1.Untitled_1:PersistentLevel.WorldSettings_1.StaticMeshComponent0) Trying to register component with IsPendingKill() == true. Aborting.
[2019.01.16-04.13.03:330][  0]LogEditorServer: Finished looking for orphan Actors (0.000 secs)
[2019.01.16-04.13.03:336][  0]Cmd: MAP CHECKDEP NOCLEARLOG
[2019.01.16-04.13.03:435][  0]MapCheck: Info Map check complete: 0 Error(s), 0 Warning(s), took 99.221ms to complete.
[2019.01.16-04.13.03:435][  0]LogFileHelpers: Loading map 'Template_Default' took 0.552
[2019.01.16-04.13.03:972][  0]LogCollectionManager: Loaded 0 collections in 0.004902 seconds
[2019.01.16-04.13.04:208][  0]LogFileCache: Scanning file cache for directory 'C:/Users/jesus/Documents/UnrealCourse2/Section_04/BattleTank2/Saved/Collections/' took 0.01s
[2019.01.16-04.13.04:208][  0]LogFileCache: Scanning file cache for directory 'C:/Users/jesus/Documents/UnrealCourse2/Section_04/BattleTank2/Content/Developers/jesus/Collections/' took 0.01s
[2019.01.16-04.13.04:208][  0]LogFileCache: Scanning file cache for directory 'C:/Users/jesus/Documents/UnrealCourse2/Section_04/BattleTank2/Content/Collections/' took 0.01s
[2019.01.16-04.13.04:208][  0]LogCollectionManager: Rebuilt the GUID cache for 0 collections in 0.000005 seconds
[2019.01.16-04.13.04:246][  0]LogContentBrowser: Native class hierarchy populated in 0.0341 seconds. Added 2246 classes and 455 folders.
[2019.01.16-04.13.04:479][  0]LogContentBrowser: Native class hierarchy updated for 'WidgetCarousel' in 0.0038 seconds. Added 0 classes and 0 folders.
[2019.01.16-04.13.05:089][  0]LogContentBrowser: Native class hierarchy updated for 'AddContentDialog' in 0.0041 seconds. Added 0 classes and 0 folders.
[2019.01.16-04.13.05:232][  0]LogContentBrowser: Native class hierarchy updated for 'SceneOutliner' in 0.0034 seconds. Added 1 classes and 2 folders.
[2019.01.16-04.13.05:421][  0]LogCrashTracker: Crashtracker disabled due to settings.
[2019.01.16-04.13.05:457][  0]LogUObjectGlobals:Warning: Failed to find object 'Class None.'
[2019.01.16-04.13.05:635][  0]LogContentBrowser: Native class hierarchy updated for 'HierarchicalLODOutliner' in 0.0045 seconds. Added 1 classes and 2 folders.
[2019.01.16-04.13.05:635][  0]LogLoad: (Engine Initialization) Total time: 46.06 seconds
[2019.01.16-04.13.05:635][  0]LogLoad: (Engine Initialization) Total Blueprint compile time: 0.20 seconds
[2019.01.16-04.13.05:635][  0]LogExternalProfiler: Found external profiler: VSPerf
[2019.01.16-04.13.05:635][  0]LogExternalProfiler: Using external profiler: VSPerf
[2019.01.16-04.13.05:644][  0]LogWindowsTextInputMethodSystem:Display: IME system now deactivated.
[2019.01.16-04.13.05:645][  0]LogOcInput: OculusInput pre-init called
[2019.01.16-04.13.05:696][  0]LogContentStreaming: Texture pool size now 1000 MB
[2019.01.16-04.13.05:707][  0]LogSlate: Took 0.008741 seconds to synchronously load lazily loaded font '../../../Engine/Content/Slate/Fonts/Roboto-Regular.ttf' (155K)
[2019.01.16-04.13.05:719][  0]LogSlate: Took 0.006980 seconds to synchronously load lazily loaded font '../../../Engine/Content/Slate/Fonts/Roboto-Bold.ttf' (160K)
[2019.01.16-04.13.05:741][  0]LogSlate: Took 0.009418 seconds to synchronously load lazily loaded font '../../../Engine/Content/Editor/Slate/Fonts/FontAwesome.ttf' (139K)
[2019.01.16-04.13.05:749][  0]LogSlate: Took 0.006159 seconds to synchronously load lazily loaded font '../../../Engine/Content/Editor/Slate/Fonts/DroidSansMono.ttf' (77K)
[2019.01.16-04.13.06:112][  0]LogRenderer: Reallocating scene render targets to support 1152x596 NumSamples 1 (Frame:2).
[2019.01.16-04.13.06:450][  2]LogAssetRegistry: Asset discovery search completed in 30.5475 seconds
[2019.01.16-04.13.06:450][  2]LogCollectionManager: Rebuilt the object cache for 0 collections in 0.000011 seconds (found 0 objects)
[2019.01.16-04.13.06:450][  2]LogCollectionManager: Fixed up redirectors for 0 collections in 0.000143 seconds (updated 0 objects)
[2019.01.16-04.23.37:543][276]LogSlate: Only BGRA pngs, bmps or icos are supported in by External Image Picker
[2019.01.16-04.23.37:660][277]LogTemp:Display: Executing iPhonePackager certificates Engine -bundlename com.YourCompany.BattleTank2

[2019.01.16-04.23.37:660][277]LogTemp:Display: CWD: C:\Program Files (x86)\Epic Games\UE_4.15\Engine\Binaries\DotNET\IOS

[2019.01.16-04.23.37:661][277]LogTemp:Display: Initial Dir: C:\Program Files (x86)\Epic Games\UE_4.15

[2019.01.16-04.23.37:661][277]LogTemp:Display: Env CWD: C:\Program Files (x86)\Epic Games\UE_4.15\Engine\Binaries\DotNET\IOS

[2019.01.16-04.23.37:661][277]LogTemp:Display: BranchPath = JESUS-PC/C/Program Files (x86)/Epic Games/UE_4.15/Engine/Binaries --- GameBranchPath = JESUS-PC/C/Program Files (x86)/Epic Games/UE_4.15/Engine/Binaries

[2019.01.16-04.23.37:742][279]LogTemp:Display: IPP ERROR: Application exception: System.IO.DirectoryNotFoundException: Could not find a part of the path 'C:\Users\jesus\AppData\Local\Apple Computer\MobileDevice\Provisioning Profiles'.

[2019.01.16-04.23.37:743][279]LogTemp:Display:    at System.IO.__Error.WinIOError(Int32 errorCode, String maybeFullPath)

[2019.01.16-04.23.37:743][279]LogTemp:Display:    at System.IO.FileSystemEnumerableIterator`1.CommonInit()

[2019.01.16-04.23.37:743][279]LogTemp:Display:    at System.IO.FileSystemEnumerableIterator`1..ctor(String path, String originalUserPath, String searchPattern, SearchOption searchOption, SearchResultHandler`1 resultHandler, Boolean checkHost)

[2019.01.16-04.23.37:744][279]LogTemp:Display:    at System.IO.Directory.EnumerateFiles(String path, String searchPattern)

[2019.01.16-04.23.37:744][279]LogTemp:Display:    at iPhonePackager.CodeSignatureBuilder.FindProvisions(String CFBundleIdentifier)

[2019.01.16-04.23.37:744][279]LogTemp:Display:    at iPhonePackager.Program.Main(String[] args)

[2019.01.16-04.24.24:361][797]LogSlate: Took 0.006139 seconds to synchronously load lazily loaded font '../../../Engine/Content/Slate/Fonts/Roboto-Light.ttf' (159K)
[2019.01.16-04.24.24:697][797]Cmd: OBJ SAVEPACKAGE PACKAGE="/Game/BattleGround" FILE="../../../../../../Users/jesus/Documents/UnrealCourse2/Section_04/BattleTank2/Content/BattleGround.umap" SILENT=true AUTOSAVING=false KEEPDIRTY=false
[2019.01.16-04.24.24:779][797]LogSavePackage: Save=52.91ms
[2019.01.16-04.24.24:779][797]LogSavePackage: Moving '../../../../../../Users/jesus/Documents/UnrealCourse2/Section_04/BattleTank2/Saved/BattleGround6CA7241844B009D0629E1CB3BB68B31F.tmp' to '../../../../../../Users/jesus/Documents/UnrealCourse2/Section_04/BattleTank2/Content/BattleGround.umap'
[2019.01.16-04.24.24:781][797]LogSavePackage:Display: Finished SavePackage ../../../../../../Users/jesus/Documents/UnrealCourse2/Section_04/BattleTank2/Content/BattleGround.umap
[2019.01.16-04.24.24:825][797]LogFileHelpers: Saving map 'BattleGround' took 0.600
[2019.01.16-04.24.31:076][223]LogSlate: Only BGRA pngs, bmps or icos are supported in by External Image Picker
[2019.01.16-04.24.31:218][225]LogTemp:Display: Executing iPhonePackager certificates Engine -bundlename com.YourCompany.BattleTank2

[2019.01.16-04.24.31:219][225]LogTemp:Display: CWD: C:\Program Files (x86)\Epic Games\UE_4.15\Engine\Binaries\DotNET\IOS

[2019.01.16-04.24.31:219][225]LogTemp:Display: Initial Dir: C:\Program Files (x86)\Epic Games\UE_4.15

[2019.01.16-04.24.31:219][225]LogTemp:Display: Env CWD: C:\Program Files (x86)\Epic Games\UE_4.15\Engine\Binaries\DotNET\IOS

[2019.01.16-04.24.31:219][225]LogTemp:Display: BranchPath = JESUS-PC/C/Program Files (x86)/Epic Games/UE_4.15/Engine/Binaries --- GameBranchPath = JESUS-PC/C/Program Files (x86)/Epic Games/UE_4.15/Engine/Binaries

[2019.01.16-04.24.31:236][226]LogTemp:Display: IPP ERROR: Application exception: System.IO.DirectoryNotFoundException: Could not find a part of the path 'C:\Users\jesus\AppData\Local\Apple Computer\MobileDevice\Provisioning Profiles'.

[2019.01.16-04.24.31:236][226]LogTemp:Display:    at System.IO.__Error.WinIOError(Int32 errorCode, String maybeFullPath)

[2019.01.16-04.24.31:236][226]LogTemp:Display:    at System.IO.FileSystemEnumerableIterator`1.CommonInit()

[2019.01.16-04.24.31:236][226]LogTemp:Display:    at System.IO.FileSystemEnumerableIterator`1..ctor(String path, String originalUserPath, String searchPattern, SearchOption searchOption, SearchResultHandler`1 resultHandler, Boolean checkHost)

[2019.01.16-04.24.31:237][226]LogTemp:Display:    at System.IO.Directory.EnumerateFiles(String path, String searchPattern)

[2019.01.16-04.24.31:237][226]LogTemp:Display:    at iPhonePackager.CodeSignatureBuilder.FindProvisions(String CFBundleIdentifier)

[2019.01.16-04.24.31:237][226]LogTemp:Display:    at iPhonePackager.Program.Main(String[] args)

[2019.01.16-04.25.26:426][296]LogSlate: Took 0.000273 seconds to synchronously load lazily loaded font '../../../Engine/Content/Slate/Fonts/Roboto-Light.ttf' (159K)
[2019.01.16-04.25.45:833][411]LogSlate: Only BGRA pngs, bmps or icos are supported in by External Image Picker
[2019.01.16-04.25.45:934][412]LogTemp:Display: Executing iPhonePackager certificates Engine -bundlename com.YourCompany.BattleTank2

[2019.01.16-04.25.45:934][412]LogTemp:Display: CWD: C:\Program Files (x86)\Epic Games\UE_4.15\Engine\Binaries\DotNET\IOS

[2019.01.16-04.25.45:935][412]LogTemp:Display: Initial Dir: C:\Program Files (x86)\Epic Games\UE_4.15

[2019.01.16-04.25.45:935][412]LogTemp:Display: Env CWD: C:\Program Files (x86)\Epic Games\UE_4.15\Engine\Binaries\DotNET\IOS

[2019.01.16-04.25.45:935][412]LogTemp:Display: BranchPath = JESUS-PC/C/Program Files (x86)/Epic Games/UE_4.15/Engine/Binaries --- GameBranchPath = JESUS-PC/C/Program Files (x86)/Epic Games/UE_4.15/Engine/Binaries

[2019.01.16-04.25.45:953][413]LogTemp:Display: IPP ERROR: Application exception: System.IO.DirectoryNotFoundException: Could not find a part of the path 'C:\Users\jesus\AppData\Local\Apple Computer\MobileDevice\Provisioning Profiles'.

[2019.01.16-04.25.45:953][413]LogTemp:Display:    at System.IO.__Error.WinIOError(Int32 errorCode, String maybeFullPath)

[2019.01.16-04.25.45:953][413]LogTemp:Display:    at System.IO.FileSystemEnumerableIterator`1.CommonInit()

[2019.01.16-04.25.45:953][413]LogTemp:Display:    at System.IO.FileSystemEnumerableIterator`1..ctor(String path, String originalUserPath, String searchPattern, SearchOption searchOption, SearchResultHandler`1 resultHandler, Boolean checkHost)

[2019.01.16-04.25.45:954][413]LogTemp:Display:    at System.IO.Directory.EnumerateFiles(String path, String searchPattern)

[2019.01.16-04.25.45:954][413]LogTemp:Display:    at iPhonePackager.CodeSignatureBuilder.FindProvisions(String CFBundleIdentifier)

[2019.01.16-04.25.45:954][413]LogTemp:Display:    at iPhonePackager.Program.Main(String[] args)

[2019.01.16-04.29.24:211][420]LogActor:Warning: VREditorButton /Engine/Transient.World_6:PersistentLevel.VREditorButton_0 has natively added scene component(s), but none of them were set as the actor's RootComponent - picking one arbitrarily
[2019.01.16-04.29.27:426][783]LogMaterial: Missing cached shader map for material LayerVisMaterial, compiling. 
[2019.01.16-04.29.27:433][783]LogTemp:Display: Added material ShaderMap 0x000001AA27378B80 with Material 0x000001AA11849A80 to ShaderMapsBeingCompiled
[2019.01.16-04.29.27:450][783]LogTemp:Display: Kicking off shader compilation for LayerVisMaterial, GameThreadShaderMap 0x000001AA27378B80
[2019.01.16-04.29.27:477][783]LogMaterial: Missing cached shader map for material SelectBrushMaterial, compiling. 
[2019.01.16-04.29.27:478][783]LogTemp:Display: Added material ShaderMap 0x000001AA1DCF9280 with Material 0x000001AA7B3C9C00 to ShaderMapsBeingCompiled
[2019.01.16-04.29.27:496][783]LogTemp:Display: Kicking off shader compilation for SelectBrushMaterial, GameThreadShaderMap 0x000001AA1DCF9280
[2019.01.16-04.29.27:554][783]LogMaterial: Missing cached shader map for material SelectBrushMaterial, compiling. 
[2019.01.16-04.29.27:555][783]LogTemp:Display: Added material ShaderMap 0x000001AA2B8B7200 with Material 0x000001AA7AA3BA00 to ShaderMapsBeingCompiled
[2019.01.16-04.29.27:577][783]LogTemp:Display: Kicking off shader compilation for SelectBrushMaterial, GameThreadShaderMap 0x000001AA2B8B7200
[2019.01.16-04.29.27:617][783]LogMaterial: Missing cached shader map for material MaskBrushMaterial, compiling. 
[2019.01.16-04.29.27:618][783]LogTemp:Display: Added material ShaderMap 0x000001AA7C253C80 with Material 0x000001AA0806B700 to ShaderMapsBeingCompiled
[2019.01.16-04.29.27:651][783]LogTemp:Display: Kicking off shader compilation for MaskBrushMaterial, GameThreadShaderMap 0x000001AA7C253C80
[2019.01.16-04.29.27:681][783]LogMaterial: Missing cached shader map for material LandscapeLayerUsageMaterial, compiling. 
[2019.01.16-04.29.27:686][783]LogTemp:Display: Added material ShaderMap 0x000001AA27D7B900 with Material 0x000001AA6F6CA980 to ShaderMapsBeingCompiled
[2019.01.16-04.29.27:706][783]LogTemp:Display: Kicking off shader compilation for LandscapeLayerUsageMaterial, GameThreadShaderMap 0x000001AA27D7B900
[2019.01.16-04.29.27:780][783]LogMaterial: Missing cached shader map for material CircleBrushMaterial, compiling. 
[2019.01.16-04.29.27:781][783]LogTemp:Display: Added material ShaderMap 0x000001AA7AA49980 with Material 0x000001AA7B724880 to ShaderMapsBeingCompiled
[2019.01.16-04.29.27:815][783]LogTemp:Display: Kicking off shader compilation for CircleBrushMaterial, GameThreadShaderMap 0x000001AA7AA49980
[2019.01.16-04.29.27:826][783]LogMaterial: Missing cached shader map for material CircleBrushMaterial, compiling. 
[2019.01.16-04.29.27:828][783]LogTemp:Display: Added material ShaderMap 0x000001AA275E1280 with Material 0x000001AA7AE83D00 to ShaderMapsBeingCompiled
[2019.01.16-04.29.27:849][783]LogTemp:Display: Kicking off shader compilation for CircleBrushMaterial, GameThreadShaderMap 0x000001AA275E1280
[2019.01.16-04.29.27:864][783]LogMaterial: Missing cached shader map for material CircleBrushMaterial, compiling. 
[2019.01.16-04.29.27:865][783]LogTemp:Display: Added material ShaderMap 0x000001AA6F483580 with Material 0x000001AA7AE81000 to ShaderMapsBeingCompiled
[2019.01.16-04.29.27:882][783]LogTemp:Display: Kicking off shader compilation for CircleBrushMaterial, GameThreadShaderMap 0x000001AA6F483580
[2019.01.16-04.29.27:896][783]LogMaterial: Missing cached shader map for material CircleBrushMaterial, compiling. 
[2019.01.16-04.29.27:898][783]LogTemp:Display: Added material ShaderMap 0x000001AA04351980 with Material 0x000001AA7B398580 to ShaderMapsBeingCompiled
[2019.01.16-04.29.27:919][783]LogTemp:Display: Kicking off shader compilation for CircleBrushMaterial, GameThreadShaderMap 0x000001AA04351980
[2019.01.16-04.29.27:945][783]LogMaterial: Missing cached shader map for material AlphaBrushMaterial, compiling. 
[2019.01.16-04.29.27:946][783]LogTemp:Display: Added material ShaderMap 0x000001AA3C75D600 with Material 0x000001AA6F6C5600 to ShaderMapsBeingCompiled
[2019.01.16-04.29.27:961][783]LogTemp:Display: Kicking off shader compilation for AlphaBrushMaterial, GameThreadShaderMap 0x000001AA3C75D600
[2019.01.16-04.29.27:974][783]LogMaterial: Missing cached shader map for material CircleBrushMaterial, compiling. 
[2019.01.16-04.29.27:975][783]LogTemp:Display: Added material ShaderMap 0x000001AA1A767C80 with Material 0x000001AA3BDCF580 to ShaderMapsBeingCompiled
[2019.01.16-04.29.27:994][783]LogTemp:Display: Kicking off shader compilation for CircleBrushMaterial, GameThreadShaderMap 0x000001AA1A767C80
[2019.01.16-04.29.27:996][783]LogTemp:Display: Added shader map 0x000001AA1DCF9280 from material 0x000001AA3BDCE080
[2019.01.16-04.29.27:996][783]LogTemp:Display: Found existing compiling shader for material SelectBrushMaterial, linking to other GameThreadShaderMap 0x000001AA1DCF9280
[2019.01.16-04.29.28:011][783]LogMaterial: Missing cached shader map for material MaskBrushMaterial, compiling. 
[2019.01.16-04.29.28:013][783]LogTemp:Display: Added material ShaderMap 0x000001AA2DCB2780 with Material 0x000001AA27231000 to ShaderMapsBeingCompiled
[2019.01.16-04.29.28:037][783]LogTemp:Display: Kicking off shader compilation for MaskBrushMaterial, GameThreadShaderMap 0x000001AA2DCB2780
[2019.01.16-04.29.28:057][783]LogTexture:Display: Building textures: Texture2D_2 (G8, 128X128) - 75 MB total VRAM
[2019.01.16-04.29.29:225][842]LogEditorSelectUtils:Warning: SelectActor: The requested operation could not be completed because the actor has invalid flags. (Landscape)
[2019.01.16-04.29.29:226][842]LogActorComponent: RegisterComponentWithWorld: (/Game/BattleGround.BattleGround:PersistentLevel.Landscape_2.RootComponent0) Trying to register component with IsPendingKill() == true. Aborting.
[2019.01.16-04.29.29:226][842]LogEditorSelectUtils:Warning: SelectActor: The requested operation could not be completed because the actor has invalid flags. (Landscape)
[2019.01.16-04.29.31:449][959]LogTemp:Display: Finished compile of shader map 0x000001AA27378B80
[2019.01.16-04.29.31:449][959]LogTemp:Display: Shader map LayerVisMaterial complete, GameThreadShaderMap 0x000001AA27378B80, marking material LayerVisMaterial as finished
[2019.01.16-04.29.31:449][959]LogTemp:Display: Marking material as finished 0x000001AA11849A80
[2019.01.16-04.29.32:553][ 28]LogTemp:Display: Finished compile of shader map 0x000001AA1DCF9280
[2019.01.16-04.29.32:553][ 28]LogTemp:Display: Shader map SelectBrushMaterial complete, GameThreadShaderMap 0x000001AA1DCF9280, marking material SelectBrushMaterial as finished
[2019.01.16-04.29.32:553][ 28]LogTemp:Display: Marking material as finished 0x000001AA7B3C9C00
[2019.01.16-04.29.32:555][ 28]LogTemp:Display: Shader map SelectBrushMaterial complete, GameThreadShaderMap 0x000001AA1DCF9280, marking material SelectBrushMaterial as finished
[2019.01.16-04.29.32:555][ 28]LogTemp:Display: Marking material as finished 0x000001AA3BDCE080
[2019.01.16-04.29.35:486][215]LogTemp:Display: Finished compile of shader map 0x000001AA2B8B7200
[2019.01.16-04.29.35:486][215]LogTemp:Display: Shader map SelectBrushMaterial complete, GameThreadShaderMap 0x000001AA2B8B7200, marking material SelectBrushMaterial as finished
[2019.01.16-04.29.35:486][215]LogTemp:Display: Marking material as finished 0x000001AA7AA3BA00
[2019.01.16-04.29.36:766][293]LogTemp:Display: Finished compile of shader map 0x000001AA7C253C80
[2019.01.16-04.29.36:766][293]LogTemp:Display: Shader map MaskBrushMaterial complete, GameThreadShaderMap 0x000001AA7C253C80, marking material MaskBrushMaterial as finished
[2019.01.16-04.29.36:767][293]LogTemp:Display: Marking material as finished 0x000001AA0806B700
[2019.01.16-04.29.36:773][293]LogTemp:Display: Finished compile of shader map 0x000001AA27D7B900
[2019.01.16-04.29.36:773][293]LogTemp:Display: Shader map LandscapeLayerUsageMaterial complete, GameThreadShaderMap 0x000001AA27D7B900, marking material LandscapeLayerUsageMaterial as finished
[2019.01.16-04.29.36:774][293]LogTemp:Display: Marking material as finished 0x000001AA6F6CA980
[2019.01.16-04.29.41:162][566]LogTemp:Display: Finished compile of shader map 0x000001AA275E1280
[2019.01.16-04.29.41:163][566]LogTemp:Display: Shader map CircleBrushMaterial complete, GameThreadShaderMap 0x000001AA275E1280, marking material CircleBrushMaterial as finished
[2019.01.16-04.29.41:163][566]LogTemp:Display: Marking material as finished 0x000001AA7AE83D00
[2019.01.16-04.29.41:169][566]LogTemp:Display: Finished compile of shader map 0x000001AA7AA49980
[2019.01.16-04.29.41:169][566]LogTemp:Display: Shader map CircleBrushMaterial complete, GameThreadShaderMap 0x000001AA7AA49980, marking material CircleBrushMaterial as finished
[2019.01.16-04.29.41:170][566]LogTemp:Display: Marking material as finished 0x000001AA7B724880
[2019.01.16-04.29.44:140][759]LogTemp:Display: Finished compile of shader map 0x000001AA6F483580
[2019.01.16-04.29.44:140][759]LogTemp:Display: Shader map CircleBrushMaterial complete, GameThreadShaderMap 0x000001AA6F483580, marking material CircleBrushMaterial as finished
[2019.01.16-04.29.44:140][759]LogTemp:Display: Marking material as finished 0x000001AA7AE81000
[2019.01.16-04.29.45:405][840]LogTemp:Display: Finished compile of shader map 0x000001AA04351980
[2019.01.16-04.29.45:406][840]LogTemp:Display: Shader map CircleBrushMaterial complete, GameThreadShaderMap 0x000001AA04351980, marking material CircleBrushMaterial as finished
[2019.01.16-04.29.45:406][840]LogTemp:Display: Marking material as finished 0x000001AA7B398580
[2019.01.16-04.29.45:954][863]LogTexture:Display: Building textures: Texture2D_0 (BGRA8, 512X512) - 76 MB total VRAM
[2019.01.16-04.29.45:996][863]LogMaterial: Missing cached shader map for material WorldGridMaterial, compiling. Is special engine material.
[2019.01.16-04.29.45:999][863]LogTemp:Display: Added material ShaderMap 0x000001AA275E0480 with Material 0x000001AA117F8E80 to ShaderMapsBeingCompiled
[2019.01.16-04.29.57:652][863]LogTemp:Display: Finished compile of shader map 0x000001AA275E0480
[2019.01.16-04.29.57:652][863]LogTemp:Display: Shader map WorldGridMaterial complete, GameThreadShaderMap 0x000001AA275E0480, marking material WorldGridMaterial as finished
[2019.01.16-04.29.57:652][863]LogTemp:Display: Marking material as finished 0x000001AA117F8E80
[2019.01.16-04.29.57:665][863]LogMaterial: 0.00 seconds spent updating 1 materials, 64 interfaces, 0 instances, 0 with static permutations.
[2019.01.16-04.29.57:779][863]LogTemp:Display: Finished compile of shader map 0x000001AA3C75D600
[2019.01.16-04.29.57:780][863]LogTemp:Display: Shader map AlphaBrushMaterial complete, GameThreadShaderMap 0x000001AA3C75D600, marking material AlphaBrushMaterial as finished
[2019.01.16-04.29.57:780][863]LogTemp:Display: Marking material as finished 0x000001AA6F6C5600
[2019.01.16-04.29.57:784][863]LogTemp:Display: Finished compile of shader map 0x000001AA1A767C80
[2019.01.16-04.29.57:784][863]LogTemp:Display: Shader map CircleBrushMaterial complete, GameThreadShaderMap 0x000001AA1A767C80, marking material CircleBrushMaterial as finished
[2019.01.16-04.29.57:784][863]LogTemp:Display: Marking material as finished 0x000001AA3BDCF580
[2019.01.16-04.29.57:788][863]LogTemp:Display: Finished compile of shader map 0x000001AA2DCB2780
[2019.01.16-04.29.57:788][863]LogTemp:Display: Shader map MaskBrushMaterial complete, GameThreadShaderMap 0x000001AA2DCB2780, marking material MaskBrushMaterial as finished
[2019.01.16-04.29.57:789][863]LogTemp:Display: Marking material as finished 0x000001AA27231000
[2019.01.16-04.34.09:742][788]LogSavePackage: Save=513.24ms
[2019.01.16-04.34.09:742][788]LogSavePackage: Moving '../../../../../../Users/jesus/Documents/UnrealCourse2/Section_04/BattleTank2/Saved/BattleGround_Auto14B3F468145124A411365E5BBD85CEA95.tmp' to '../../../../../../Users/jesus/Documents/UnrealCourse2/Section_04/BattleTank2/Saved/Autosaves/Game/BattleGround_Auto1.umap'
[2019.01.16-04.34.09:745][788]LogSavePackage:Display: Finished SavePackage ../../../../../../Users/jesus/Documents/UnrealCourse2/Section_04/BattleTank2/Saved/Autosaves/Game/BattleGround_Auto1.umap
[2019.01.16-04.34.09:748][788]LogFileHelpers: Editor autosave (incl. sublevels) for '/Game/BattleGround' took 0.550
[2019.01.16-04.34.09:748][788]LogFileHelpers: Editor autosave (incl. sublevels) for all levels took 0.550
[2019.01.16-04.44.10:379][793]LogTexture:Display: Building textures: Texture2D_0 (BGRA8, 512X512) - 82 MB total VRAM
[2019.01.16-04.44.10:590][793]LogSavePackage: Save=218.55ms
[2019.01.16-04.44.10:590][793]LogSavePackage: Moving '../../../../../../Users/jesus/Documents/UnrealCourse2/Section_04/BattleTank2/Saved/BattleGround_Auto2B2426E4342F54C3D1268B4A2E285DC23.tmp' to '../../../../../../Users/jesus/Documents/UnrealCourse2/Section_04/BattleTank2/Saved/Autosaves/Game/BattleGround_Auto2.umap'
[2019.01.16-04.44.10:593][793]LogSavePackage:Display: Finished SavePackage ../../../../../../Users/jesus/Documents/UnrealCourse2/Section_04/BattleTank2/Saved/Autosaves/Game/BattleGround_Auto2.umap
[2019.01.16-04.44.10:596][793]LogFileHelpers: Editor autosave (incl. sublevels) for '/Game/BattleGround' took 0.251
[2019.01.16-04.44.10:596][793]LogFileHelpers: Editor autosave (incl. sublevels) for all levels took 0.251
[2019.01.16-04.47.52:966][ 45]Cmd: DELETE
[2019.01.16-04.47.52:971][ 45]Cmd: ACTOR DELETE
[2019.01.16-04.47.52:981][ 45]LogEditorActor: Deleted Actor: Landscape
[2019.01.16-04.47.53:046][ 45]LogEditorActor: Deleted 1 Actors (0.065 secs)
[2019.01.16-04.48.01:532][996]LogTexture:Display: Building textures: Texture2D_3 (G8, 128X128) - 83 MB total VRAM
[2019.01.16-04.48.39:443][ 37]LogEditorViewport: Clicking on Actor (LMB): BP_Sky_Sphere_C (Sky Sphere)
[2019.01.16-04.48.41:473][252]Cmd: SELECT NONE
[2019.01.16-04.48.44:940][617]Cmd: SELECT NONE
[2019.01.16-04.48.48:187][969]LogEditorViewport: Clicking on Actor (LMB): StaticMeshActor (Floor)
[2019.01.16-04.48.54:903][646]Cmd: DELETE
[2019.01.16-04.48.54:903][646]Cmd: ACTOR DELETE
[2019.01.16-04.48.54:904][646]LogEditorActor: Deleted Actor: StaticMeshActor
[2019.01.16-04.48.54:915][646]LogEditorActor: Deleted 1 Actors (0.011 secs)
[2019.01.16-04.48.55:754][745]LogEditorViewport: Clicking on Actor (LMB): BP_Sky_Sphere_C (Sky Sphere)
[2019.01.16-04.48.56:768][856]LogEditorViewport: Clicking on Actor (LMB): BP_Sky_Sphere_C (Sky Sphere)
[2019.01.16-04.48.58:471][ 52]LogTexture:Display: Building textures: Texture2D_4 (G8, 128X128) - 83 MB total VRAM
[2019.01.16-04.49.44:827][129]LogEditorViewport: Clicking on Actor (LMB): BP_Sky_Sphere_C (Sky Sphere)
[2019.01.16-04.49.45:438][189]Cmd: OBJ SAVEPACKAGE PACKAGE="/Game/BattleGround" FILE="../../../../../../Users/jesus/Documents/UnrealCourse2/Section_04/BattleTank2/Content/BattleGround.umap" SILENT=true AUTOSAVING=false KEEPDIRTY=false
[2019.01.16-04.49.45:536][189]LogSavePackage: Save=72.31ms
[2019.01.16-04.49.45:536][189]LogSavePackage: Moving '../../../../../../Users/jesus/Documents/UnrealCourse2/Section_04/BattleTank2/Saved/BattleGround9C608D3D4D2596DDF2BE09A716D5F508.tmp' to '../../../../../../Users/jesus/Documents/UnrealCourse2/Section_04/BattleTank2/Content/BattleGround.umap'
[2019.01.16-04.49.45:544][189]LogSavePackage:Display: Finished SavePackage ../../../../../../Users/jesus/Documents/UnrealCourse2/Section_04/BattleTank2/Content/BattleGround.umap
[2019.01.16-04.49.47:644][403]LogWindowsTextInputMethodSystem:Display: IME system now deactivated.
[2019.01.16-04.49.47:877][404]Cmd: QUIT_EDITOR
[2019.01.16-04.49.47:964][404]LogExit: Preparing to exit.
[2019.01.16-04.49.48:865][404]LogDirectoryWatcher: A directory notification for 'C:/Users/jesus/Documents/UnrealCourse2/Section_04/BattleTank2/Content/' was aborted.
[2019.01.16-04.49.48:903][404]LogExit: Editor shut down
[2019.01.16-04.49.48:904][404]LogExit: Transaction tracking system shut down
[2019.01.16-04.49.49:077][404]LogObj: Freed 0b from 0 cluster array pools.
[2019.01.16-04.49.49:078][404]LogExit: Object subsystem successfully closed.
[2019.01.16-04.49.49:131][404]LogD3D11RHI: Shutdown
[2019.01.16-04.49.49:131][404]LogD3D11RHI: CleanupD3DDevice
[2019.01.16-04.49.49:232][404]LogD3D11RHI: ~FD3D11DynamicRHI
[2019.01.16-04.49.49:304][404]LogModuleManager: Shutting down and abandoning module ExternalImagePicker (502)
[2019.01.16-04.49.49:304][404]LogModuleManager: Shutting down and abandoning module HierarchicalLODOutliner (500)
[2019.01.16-04.49.49:304][404]LogModuleManager: Shutting down and abandoning module CrashTracker (498)
[2019.01.16-04.49.49:304][404]LogModuleManager: Shutting down and abandoning module SceneOutliner (496)
[2019.01.16-04.49.49:304][404]LogModuleManager: Shutting down and abandoning module AddContentDialog (494)
[2019.01.16-04.49.49:305][404]LogDirectoryWatcher: A directory notification for 'C:/Program Files (x86)/Epic Games/UE_4.15/FeaturePacks/' was aborted.
[2019.01.16-04.49.49:311][404]LogModuleManager: Shutting down and abandoning module WidgetCarousel (493)
[2019.01.16-04.49.49:311][404]LogModuleManager: Shutting down and abandoning module EditorWidgets (490)
[2019.01.16-04.49.49:311][404]LogModuleManager: Shutting down and abandoning module CollectionManager (488)
[2019.01.16-04.49.49:314][404]LogDirectoryWatcher: A directory notification for 'C:/Users/jesus/Documents/UnrealCourse2/Section_04/BattleTank2/Content/Collections/' was aborted.
[2019.01.16-04.49.49:314][404]LogDirectoryWatcher: A directory notification for 'C:/Users/jesus/Documents/UnrealCourse2/Section_04/BattleTank2/Content/Developers/jesus/Collections/' was aborted.
[2019.01.16-04.49.49:314][404]LogDirectoryWatcher: A directory notification for 'C:/Users/jesus/Documents/UnrealCourse2/Section_04/BattleTank2/Saved/Collections/' was aborted.
[2019.01.16-04.49.49:314][404]LogModuleManager: Shutting down and abandoning module StatsViewer (486)
[2019.01.16-04.49.49:316][404]LogModuleManager: Shutting down and abandoning module FoliageEdit (484)
[2019.01.16-04.49.49:316][404]LogModuleManager: Shutting down and abandoning module LandscapeEditor (482)
[2019.01.16-04.49.49:316][404]LogModuleManager: Shutting down and abandoning module SceneDepthPickerMode (480)
[2019.01.16-04.49.49:316][404]LogModuleManager: Shutting down and abandoning module ActorPickerMode (478)
[2019.01.16-04.49.49:316][404]LogModuleManager: Shutting down and abandoning module GeometryMode (476)
[2019.01.16-04.49.49:316][404]LogModuleManager: Shutting down and abandoning module TextureAlignMode (474)
[2019.01.16-04.49.49:316][404]LogModuleManager: Shutting down and abandoning module BspMode (472)
[2019.01.16-04.49.49:317][404]LogModuleManager: Shutting down and abandoning module HardwareSurvey (470)
[2019.01.16-04.49.49:317][404]LogModuleManager: Shutting down and abandoning module SequenceRecorderSections (468)
[2019.01.16-04.49.49:318][404]LogModuleManager: Shutting down and abandoning module AutomationWorker (466)
[2019.01.16-04.49.49:318][404]LogModuleManager: Shutting down and abandoning module MatineeToLevelSequence (464)
[2019.01.16-04.49.49:318][404]LogModuleManager: Shutting down and abandoning module LevelSequenceEditor (462)
[2019.01.16-04.49.49:322][404]LogModuleManager: Shutting down and abandoning module PlacementMode (461)
[2019.01.16-04.49.49:322][404]LogModuleManager: Shutting down and abandoning module WmfMediaFactory (458)
[2019.01.16-04.49.49:322][404]LogModuleManager: Shutting down and abandoning module WmfMediaEditor (456)
[2019.01.16-04.49.49:322][404]LogModuleManager: Shutting down and abandoning module MfMediaFactory (454)
[2019.01.16-04.49.49:322][404]LogModuleManager: Shutting down and abandoning module MfMediaEditor (452)
[2019.01.16-04.49.49:322][404]LogModuleManager: Shutting down and abandoning module AvfMediaFactory (450)
[2019.01.16-04.49.49:322][404]LogModuleManager: Shutting down and abandoning module AvfMediaEditor (448)
[2019.01.16-04.49.49:322][404]LogModuleManager: Shutting down and abandoning module AndroidMediaFactory (446)
[2019.01.16-04.49.49:322][404]LogModuleManager: Shutting down and abandoning module Media (445)
[2019.01.16-04.49.49:322][404]LogModuleManager: Shutting down and abandoning module AndroidMediaEditor (442)
[2019.01.16-04.49.49:322][404]LogModuleManager: Shutting down and abandoning module CharacterAI (440)
[2019.01.16-04.49.49:322][404]LogModuleManager: Shutting down and abandoning module AudioCapture (438)
[2019.01.16-04.49.49:323][404]LogModuleManager: Shutting down and abandoning module SequenceRecorder (437)
[2019.01.16-04.49.49:326][404]LogModuleManager: Shutting down and abandoning module SmartSnapping (434)
[2019.01.16-04.49.49:326][404]LogModuleManager: Shutting down and abandoning module SessionServices (432)
[2019.01.16-04.49.49:326][404]LogModuleManager: Shutting down and abandoning module ViewportSnapping (430)
[2019.01.16-04.49.49:326][404]LogModuleManager: Shutting down and abandoning module ViewportInteraction (428)
[2019.01.16-04.49.49:326][404]LogModuleManager: Shutting down and abandoning module LogVisualizer (426)
[2019.01.16-04.49.49:328][404]LogModuleManager: Shutting down and abandoning module IntroTutorials (424)
[2019.01.16-04.49.49:329][404]LogModuleManager: Shutting down and abandoning module GameProjectGeneration (423)
[2019.01.16-04.49.49:331][404]LogModuleManager: Shutting down and abandoning module EditorLiveStreaming (420)
[2019.01.16-04.49.49:331][404]LogModuleManager: Shutting down and abandoning module IOSPlatformEditor (418)
[2019.01.16-04.49.49:331][404]LogModuleManager: Shutting down and abandoning module HTML5PlatformEditor (416)
[2019.01.16-04.49.49:331][404]LogModuleManager: Shutting down and abandoning module AndroidPlatformEditor (414)
[2019.01.16-04.49.49:331][404]LogModuleManager: Shutting down and abandoning module AndroidDeviceDetection (413)
[2019.01.16-04.49.50:093][404]LogModuleManager: Shutting down and abandoning module IOSRuntimeSettings (410)
[2019.01.16-04.49.50:093][404]LogModuleManager: Shutting down and abandoning module AndroidRuntimeSettings (408)
[2019.01.16-04.49.50:093][404]LogModuleManager: Shutting down and abandoning module InputBindingEditor (406)
[2019.01.16-04.49.50:097][404]LogModuleManager: Shutting down and abandoning module NiagaraEditor (404)
[2019.01.16-04.49.50:100][404]LogModuleManager: Shutting down and abandoning module MergeActors (402)
[2019.01.16-04.49.50:101][404]LogModuleManager: Shutting down and abandoning module SizeMap (400)
[2019.01.16-04.49.50:102][404]LogModuleManager: Shutting down and abandoning module TreeMap (398)
[2019.01.16-04.49.50:103][404]LogModuleManager: Shutting down and abandoning module ReferenceViewer (396)
[2019.01.16-04.49.50:103][404]LogModuleManager: Shutting down and abandoning module LocalizationDashboard (394)
[2019.01.16-04.49.50:104][404]LogModuleManager: Shutting down and abandoning module LocalizationService (393)
[2019.01.16-04.49.50:105][404]LogModuleManager: Shutting down and abandoning module HardwareTargeting (390)
[2019.01.16-04.49.50:105][404]LogModuleManager: Shutting down and abandoning module DeviceProfileEditor (388)
[2019.01.16-04.49.50:106][404]LogModuleManager: Shutting down and abandoning module UndoHistory (386)
[2019.01.16-04.49.50:106][404]LogModuleManager: Shutting down and abandoning module UserFeedback (384)
[2019.01.16-04.49.50:106][404]LogModuleManager: Shutting down and abandoning module XmlParser (382)
[2019.01.16-04.49.50:107][404]LogModuleManager: Shutting down and abandoning module Blutility (380)
[2019.01.16-04.49.50:107][404]LogModuleManager: Shutting down and abandoning module ProjectSettingsViewer (378)
[2019.01.16-04.49.50:108][404]LogModuleManager: Shutting down and abandoning module ProjectTargetPlatformEditor (377)
[2019.01.16-04.49.50:108][404]LogModuleManager: Shutting down and abandoning module EditorSettingsViewer (374)
[2019.01.16-04.49.50:108][404]LogModuleManager: Shutting down and abandoning module SettingsEditor (372)
[2019.01.16-04.49.50:109][404]LogModuleManager: Shutting down and abandoning module ProjectLauncher (370)
[2019.01.16-04.49.50:110][404]LogModuleManager: Shutting down and abandoning module SessionFrontend (368)
[2019.01.16-04.49.50:111][404]LogModuleManager: Shutting down and abandoning module ProfilerClient (366)
[2019.01.16-04.49.50:112][404]LogModuleManager: Shutting down and abandoning module DeviceManager (364)
[2019.01.16-04.49.50:114][404]LogModuleManager: Shutting down and abandoning module TargetDeviceServices (363)
[2019.01.16-04.49.50:158][404]LogModuleManager: Shutting down and abandoning module AutomationController (360)
[2019.01.16-04.49.50:159][404]LogModuleManager: Shutting down and abandoning module AutomationWindow (358)
[2019.01.16-04.49.50:161][404]LogModuleManager: Shutting down and abandoning module Layers (356)
[2019.01.16-04.49.50:164][404]LogModuleManager: Shutting down and abandoning module ComponentVisualizers (354)
[2019.01.16-04.49.50:164][404]LogModuleManager: Shutting down and abandoning module DetailCustomizations (352)
[2019.01.16-04.49.50:165][404]LogModuleManager: Shutting down and abandoning module PackagesDialog (350)
[2019.01.16-04.49.50:165][404]LogModuleManager: Shutting down and abandoning module Persona (348)
[2019.01.16-04.49.50:167][404]LogModuleManager: Shutting down and abandoning module AnimGraph (347)
[2019.01.16-04.49.50:167][404]LogModuleManager: Shutting down and abandoning module Kismet (344)
[2019.01.16-04.49.50:169][404]LogModuleManager: Shutting down and abandoning module GraphEditor (342)
[2019.01.16-04.49.50:173][404]LogModuleManager: Shutting down and abandoning module ClassViewer (340)
[2019.01.16-04.49.50:173][404]LogModuleManager: Shutting down and abandoning module Toolbox (338)
[2019.01.16-04.49.50:174][404]LogModuleManager: Shutting down and abandoning module ModuleUI (336)
[2019.01.16-04.49.50:175][404]LogModuleManager: Shutting down and abandoning module MovieSceneTools (334)
[2019.01.16-04.49.50:175][404]LogModuleManager: Shutting down and abandoning module OutputLog (332)
[2019.01.16-04.49.50:175][404]LogModuleManager: Shutting down and abandoning module GammaUI (330)
[2019.01.16-04.49.50:176][404]LogModuleManager: Shutting down and abandoning module Documentation (328)
[2019.01.16-04.49.50:176][404]LogModuleManager: Shutting down and abandoning module Niagara (326)
[2019.01.16-04.49.50:176][404]LogModuleManager: Shutting down and abandoning module StreamingPauseRendering (324)
[2019.01.16-04.49.50:176][404]LogModuleManager: Shutting down and abandoning module AnalyticsET (322)
[2019.01.16-04.49.50:176][404]LogModuleManager: Shutting down and abandoning module PortalServices (320)
[2019.01.16-04.49.50:176][404]LogModuleManager: Shutting down and abandoning module PortalRpc (318)
[2019.01.16-04.49.50:176][404]LogModuleManager: Shutting down and abandoning module MessagingRpc (316)
[2019.01.16-04.49.50:176][404]LogModuleManager: Shutting down and abandoning module AIModule (314)
[2019.01.16-04.49.50:177][404]LogModuleManager: Shutting down and abandoning module GameplayDebugger (313)
[2019.01.16-04.49.50:177][404]LogModuleManager: Shutting down and abandoning module AITestSuite (311)
[2019.01.16-04.49.50:177][404]LogModuleManager: Shutting down and abandoning module ProfilerService (308)
[2019.01.16-04.49.50:416][404]LogModuleManager: Shutting down and abandoning module TaskGraph (306)
[2019.01.16-04.49.50:422][404]LogModuleManager: Shutting down and abandoning module SteamVRController (304)
[2019.01.16-04.49.50:422][404]LogModuleManager: Shutting down and abandoning module SteamVR (302)
[2019.01.16-04.49.50:422][404]LogModuleManager: Shutting down and abandoning module ProceduralMeshComponentEditor (300)
[2019.01.16-04.49.50:422][404]LogModuleManager: Shutting down and abandoning module ProceduralMeshComponent (298)
[2019.01.16-04.49.50:423][404]LogModuleManager: Shutting down and abandoning module OculusLibrary (296)
[2019.01.16-04.49.50:423][404]LogModuleManager: Shutting down and abandoning module OculusInput (294)
[2019.01.16-04.49.50:423][404]LogModuleManager: Shutting down and abandoning module MobilePatchingUtils (292)
[2019.01.16-04.49.50:423][404]LogModuleManager: Shutting down and abandoning module CustomMeshComponent (290)
[2019.01.16-04.49.50:423][404]LogModuleManager: Shutting down and abandoning module CableComponent (288)
[2019.01.16-04.49.50:424][404]LogModuleManager: Shutting down and abandoning module ArchVisCharacter (286)
[2019.01.16-04.49.50:424][404]LogModuleManager: Shutting down and abandoning module MediaPlayerEditor (282)
[2019.01.16-04.49.50:428][404]LogModuleManager: Shutting down and abandoning module HTML5Networking (280)
[2019.01.16-04.49.50:428][404]LogModuleManager: Shutting down and abandoning module AlembicImporter (278)
[2019.01.16-04.49.50:428][404]LogModuleManager: Shutting down and abandoning module AlembicLibrary (277)
[2019.01.16-04.49.50:428][404]LogModuleManager: Shutting down and abandoning module GeometryCache (276)
[2019.01.16-04.49.50:429][404]LogModuleManager: Shutting down and abandoning module GeometryCacheEd (275)
[2019.01.16-04.49.50:429][404]LogModuleManager: Shutting down and abandoning module SuperSearchEditor (270)
[2019.01.16-04.49.50:429][404]LogModuleManager: Shutting down and abandoning module SuperSearch (269)
[2019.01.16-04.49.50:429][404]LogModuleManager: Shutting down and abandoning module SpeedTreeImporter (266)
[2019.01.16-04.49.50:429][404]LogModuleManager: Shutting down and abandoning module PluginBrowser (264)
[2019.01.16-04.49.50:431][404]LogModuleManager: Shutting down and abandoning module MobileLauncherProfileWizard (262)
[2019.01.16-04.49.50:433][404]LogModuleManager: Shutting down and abandoning module EpicSurvey (260)
[2019.01.16-04.49.50:433][404]LogModuleManager: Shutting down and abandoning module VisualStudioSourceCodeAccess (258)
[2019.01.16-04.49.50:433][404]LogModuleManager: Shutting down and abandoning module DesktopPlatform (257)
[2019.01.16-04.49.50:434][404]LogModuleManager: Shutting down and abandoning module UObjectPlugin (254)
[2019.01.16-04.49.50:434][404]LogModuleManager: Shutting down and abandoning module SubversionSourceControl (252)
[2019.01.16-04.49.50:435][404]LogModuleManager: Shutting down and abandoning module PerforceSourceControl (250)
[2019.01.16-04.49.50:437][404]LogModuleManager: Shutting down and abandoning module GitSourceControl (248)
[2019.01.16-04.49.50:437][404]LogModuleManager: Shutting down and abandoning module SourceControl (247)
[2019.01.16-04.49.50:439][404]LogModuleManager: Shutting down and abandoning module LightPropagationVolumeEditor (244)
[2019.01.16-04.49.50:439][404]LogModuleManager: Shutting down and abandoning module PaperTiledImporter (242)
[2019.01.16-04.49.50:439][404]LogModuleManager: Shutting down and abandoning module PaperSpriteSheetImporter (240)
[2019.01.16-04.49.50:439][404]LogModuleManager: Shutting down and abandoning module Paper2DEditor (238)
[2019.01.16-04.49.50:440][404]LogModuleManager: Shutting down and abandoning module MeshPaint (237)
[2019.01.16-04.49.50:440][404]LogModuleManager: Shutting down and abandoning module LevelEditor (235)
[2019.01.16-04.49.50:442][404]LogModuleManager: Shutting down and abandoning module PixelInspectorModule (234)
[2019.01.16-04.49.50:443][404]LogModuleManager: Shutting down and abandoning module MainFrame (232)
[2019.01.16-04.49.50:443][404]LogModuleManager: Shutting down and abandoning module HotReload (231)
[2019.01.16-04.49.50:444][404]LogDirectoryWatcher: A directory notification for 'C:/Users/jesus/Documents/UnrealCourse2/Section_04/BattleTank2/Binaries/Win64' was aborted.
[2019.01.16-04.49.50:446][404]LogModuleManager: Shutting down and abandoning module ContentBrowser (227)
[2019.01.16-04.49.50:448][404]LogModuleManager: Shutting down and abandoning module BattleTank2 (224)
[2019.01.16-04.49.50:448][404]LogModuleManager: Shutting down and abandoning module PhysXVehiclesEditor (222)
[2019.01.16-04.49.50:449][404]LogModuleManager: Shutting down and abandoning module PhysXVehicles (220)
[2019.01.16-04.49.50:449][404]LogModuleManager: Shutting down and abandoning module LocationServicesBPLibrary (218)
[2019.01.16-04.49.50:449][404]LogModuleManager: Shutting down and abandoning module UdpMessaging (216)
[2019.01.16-04.49.50:550][404]LogModuleManager: Shutting down and abandoning module TcpMessaging (214)
[2019.01.16-04.49.50:651][404]LogModuleManager: Shutting down and abandoning module GameplayTagsEditor (212)
[2019.01.16-04.49.50:652][404]LogModuleManager: Shutting down and abandoning module FacialAnimationEditor (210)
[2019.01.16-04.49.50:653][404]LogModuleManager: Shutting down and abandoning module FacialAnimation (208)
[2019.01.16-04.49.50:653][404]LogModuleManager: Shutting down and abandoning module LightPropagationVolumeRuntime (206)
[2019.01.16-04.49.50:653][404]LogModuleManager: Shutting down and abandoning module Paper2D (204)
[2019.01.16-04.49.50:653][404]LogModuleManager: Shutting down and abandoning module WindowsMoviePlayer (202)
[2019.01.16-04.49.50:654][404]LogModuleManager: Shutting down and abandoning module WmfMedia (200)
[2019.01.16-04.49.50:658][404]LogModuleManager: Shutting down and abandoning module MfMedia (198)
[2019.01.16-04.49.50:658][404]LogModuleManager: Shutting down and abandoning module MediaAssets (196)
[2019.01.16-04.49.50:658][404]LogModuleManager: Shutting down and abandoning module GameLiveStreaming (194)
[2019.01.16-04.49.50:658][404]LogModuleManager: Shutting down and abandoning module VREditor (192)
[2019.01.16-04.49.50:658][404]LogModuleManager: Shutting down and abandoning module GameplayTasksEditor (190)
[2019.01.16-04.49.50:659][404]LogModuleManager: Shutting down and abandoning module BehaviorTreeEditor (188)
[2019.01.16-04.49.50:662][404]LogModuleManager: Shutting down and abandoning module FunctionalTesting (186)
[2019.01.16-04.49.50:662][404]LogModuleManager: Shutting down and abandoning module CollisionAnalyzer (184)
[2019.01.16-04.49.50:664][404]LogModuleManager: Shutting down and abandoning module UMG (182)
[2019.01.16-04.49.50:665][404]LogModuleManager: Shutting down and abandoning module UMGEditor (181)
[2019.01.16-04.49.50:668][404]LogModuleManager: Shutting down and abandoning module Sequencer (180)
[2019.01.16-04.49.50:670][404]LogModuleManager: Shutting down and abandoning module AssetTools (178)
[2019.01.16-04.49.50:675][404]LogModuleManager: Shutting down and abandoning module MessageLog (177)
[2019.01.16-04.49.50:675][404]LogModuleManager: Shutting down and abandoning module WorkspaceMenuStructure (176)
[2019.01.16-04.49.50:675][404]LogModuleManager: Shutting down and abandoning module SlateReflector (170)
[2019.01.16-04.49.50:678][404]LogModuleManager: Shutting down and abandoning module Slate (168)
[2019.01.16-04.49.50:678][404]LogModuleManager: Shutting down and abandoning module EditorStyle (166)
[2019.01.16-04.49.50:685][404]LogModuleManager: Shutting down and abandoning module SourceCodeAccess (164)
[2019.01.16-04.49.50:685][404]LogModuleManager: Shutting down and abandoning module HeadMountedDisplay (162)
[2019.01.16-04.49.50:685][404]LogModuleManager: Shutting down and abandoning module XAudio2 (160)
[2019.01.16-04.49.50:685][404]LogModuleManager: Shutting down and abandoning module Networking (158)
[2019.01.16-04.49.50:685][404]LogModuleManager: Shutting down and abandoning module Core (154)
[2019.01.16-04.49.50:685][404]LogModuleManager: Shutting down and abandoning module AssetRegistry (152)
[2019.01.16-04.49.50:854][404]LogDirectoryWatcher: A directory notification for '../../../Engine/Content/' was aborted.
[2019.01.16-04.49.50:854][404]LogDirectoryWatcher: A directory notification for '../../../../../../Users/jesus/Documents/UnrealCourse2/Section_04/BattleTank2/Content/' was aborted.
[2019.01.16-04.49.50:854][404]LogDirectoryWatcher: A directory notification for '../../../Engine/Plugins/2D/Paper2D/Content/' was aborted.
[2019.01.16-04.49.50:855][404]LogModuleManager: Shutting down and abandoning module DirectoryWatcher (151)
[2019.01.16-04.49.50:856][404]LogModuleManager: Shutting down and abandoning module KismetCompiler (148)
[2019.01.16-04.49.50:856][404]LogModuleManager: Shutting down and abandoning module PhysXFormats (146)
[2019.01.16-04.49.50:856][404]LogModuleManager: Shutting down and abandoning module MeshUtilities (144)
[2019.01.16-04.49.50:857][404]LogModuleManager: Shutting down and abandoning module SimplygonSwarm (143)
[2019.01.16-04.49.50:858][404]LogModuleManager: Shutting down and abandoning module SimplygonMeshReduction (141)
[2019.01.16-04.49.50:858][404]LogModuleManager: Shutting down and abandoning module QuadricMeshReduction (139)
[2019.01.16-04.49.50:858][404]LogModuleManager: Shutting down and abandoning module PropertyEditor (137)
[2019.01.16-04.49.50:858][404]LogModuleManager: Shutting down and abandoning module DerivedDataCache (134)
[2019.01.16-04.49.50:920][404]LogDerivedDataCache: Shutdown
[2019.01.16-04.49.50:920][404]LogModuleManager: Shutting down and abandoning module TargetPlatform (132)
[2019.01.16-04.49.50:920][404]LogModuleManager: Shutting down and abandoning module VulkanShaderFormat (131)
[2019.01.16-04.49.50:921][404]LogModuleManager: Shutting down and abandoning module ShaderFormatOpenGL (129)
[2019.01.16-04.49.50:922][404]LogModuleManager: Shutting down and abandoning module ShaderFormatD3D (127)
[2019.01.16-04.49.50:922][404]LogModuleManager: Shutting down and abandoning module MetalShaderFormat (125)
[2019.01.16-04.49.50:923][404]LogModuleManager: Shutting down and abandoning module TextureFormatUncompressed (123)
[2019.01.16-04.49.50:923][404]LogModuleManager: Shutting down and abandoning module TextureFormatPVR (121)
[2019.01.16-04.49.50:923][404]LogModuleManager: Shutting down and abandoning module TextureFormatDXT (119)
[2019.01.16-04.49.50:924][404]LogModuleManager: Shutting down and abandoning module TextureFormatIntelISPCTexComp (117)
[2019.01.16-04.49.50:926][404]LogModuleManager: Shutting down and abandoning module TextureFormatASTC (115)
[2019.01.16-04.49.50:926][404]LogModuleManager: Shutting down and abandoning module ImageWrapper (114)
[2019.01.16-04.49.50:926][404]LogModuleManager: Shutting down and abandoning module TextureFormatAndroid (111)
[2019.01.16-04.49.50:926][404]LogModuleManager: Shutting down and abandoning module AudioFormatOpus (109)
[2019.01.16-04.49.50:927][404]LogModuleManager: Shutting down and abandoning module AudioFormatOgg (107)
[2019.01.16-04.49.50:927][404]LogModuleManager: Shutting down and abandoning module AudioFormatADPCM (105)
[2019.01.16-04.49.50:927][404]LogModuleManager: Shutting down and abandoning module LinuxTargetPlatform (103)
[2019.01.16-04.49.50:927][404]LogModuleManager: Shutting down and abandoning module LinuxServerTargetPlatform (101)
[2019.01.16-04.49.50:927][404]LogModuleManager: Shutting down and abandoning module LinuxNoEditorTargetPlatform (99)
[2019.01.16-04.49.50:927][404]LogModuleManager: Shutting down and abandoning module LinuxClientTargetPlatform (97)
[2019.01.16-04.49.50:927][404]LogModuleManager: Shutting down and abandoning module TVOSTargetPlatform (95)
[2019.01.16-04.49.50:927][404]LogModuleManager: Shutting down and abandoning module Messaging (93)
[2019.01.16-04.49.50:927][404]LogModuleManager: Shutting down and abandoning module IOSTargetPlatform (91)
[2019.01.16-04.49.50:927][404]LogModuleManager: Shutting down and abandoning module HTML5TargetPlatform (89)
[2019.01.16-04.49.50:927][404]LogModuleManager: Shutting down and abandoning module Android_PVRTCTargetPlatform (87)
[2019.01.16-04.49.50:927][404]LogModuleManager: Shutting down and abandoning module Android_MultiTargetPlatform (85)
[2019.01.16-04.49.50:927][404]LogModuleManager: Shutting down and abandoning module Android_ETC2TargetPlatform (83)
[2019.01.16-04.49.50:927][404]LogModuleManager: Shutting down and abandoning module Android_ETC1TargetPlatform (81)
[2019.01.16-04.49.50:927][404]LogModuleManager: Shutting down and abandoning module Android_DXTTargetPlatform (79)
[2019.01.16-04.49.50:927][404]LogModuleManager: Shutting down and abandoning module Android_ATCTargetPlatform (77)
[2019.01.16-04.49.50:927][404]LogModuleManager: Shutting down and abandoning module Android_ASTCTargetPlatform (75)
[2019.01.16-04.49.50:927][404]LogModuleManager: Shutting down and abandoning module AndroidTargetPlatform (73)
[2019.01.16-04.49.50:928][404]LogModuleManager: Shutting down and abandoning module WindowsTargetPlatform (71)
[2019.01.16-04.49.50:928][404]LogModuleManager: Shutting down and abandoning module WindowsServerTargetPlatform (69)
[2019.01.16-04.49.50:928][404]LogModuleManager: Shutting down and abandoning module WindowsNoEditorTargetPlatform (67)
[2019.01.16-04.49.50:928][404]LogModuleManager: Shutting down and abandoning module WindowsClientTargetPlatform (65)
[2019.01.16-04.49.50:928][404]LogModuleManager: Shutting down and abandoning module MacTargetPlatform (63)
[2019.01.16-04.49.50:928][404]LogModuleManager: Shutting down and abandoning module MacServerTargetPlatform (61)
[2019.01.16-04.49.50:928][404]LogModuleManager: Shutting down and abandoning module MacNoEditorTargetPlatform (59)
[2019.01.16-04.49.50:928][404]LogModuleManager: Shutting down and abandoning module MacClientTargetPlatform (57)
[2019.01.16-04.49.50:928][404]LogModuleManager: Shutting down and abandoning module AllDesktopTargetPlatform (55)
[2019.01.16-04.49.50:928][404]LogModuleManager: Shutting down and abandoning module InputCore (52)
[2019.01.16-04.49.50:928][404]LogModuleManager: Shutting down and abandoning module Settings (50)
[2019.01.16-04.49.50:928][404]LogModuleManager: Shutting down and abandoning module OculusRift (48)
[2019.01.16-04.49.50:929][404]LogModuleManager: Shutting down and abandoning module GearVR (46)
[2019.01.16-04.49.50:929][404]LogModuleManager: Shutting down and abandoning module ExampleDeviceProfileSelector (44)
[2019.01.16-04.49.50:929][404]LogModuleManager: Shutting down and abandoning module OnlineBlueprintSupport (42)
[2019.01.16-04.49.50:929][404]LogModuleManager: Shutting down and abandoning module OnlineSubsystem (38)
[2019.01.16-04.49.50:929][404]LogOnline:Display: Unloading online subsystem: NULL
[2019.01.16-04.49.50:931][404]LogModuleManager: Shutting down and abandoning module XMPP (37)
[2019.01.16-04.49.50:933][404]LogModuleManager: Shutting down and abandoning module HTTP (35)
[2019.01.16-04.49.50:933][404]LogHttp:Display: Http module shutting down, but needs to wait on 1 outstanding Http requests:
[2019.01.16-04.49.50:933][404]LogHttp:Display: 	verb=[POST] url=[https://datarouter.ol.epicgames.com/datarouter/api/v1/public/data?SessionID=%7B145CFD45-458E-656F-6653-E79B65C0DD90%7D&AppID=UEEditor.Rocket.Release&AppVersion=4.15.3-3450819%2B%2B%2BUE4%2BRelease-4.15&UserID=edc992c04a0f3db89bd2d7aec962c61f%7C4d2311037c8a4594af32dfa2982fc2b5%7C26458726-b14b-4391-bdf9-dcba0806867b&AppEnvironment=datacollector-binary&UploadType=eteventstream] status=Processing
[2019.01.16-04.49.50:959][404]LogModuleManager: Shutting down and abandoning module SSL (34)
[2019.01.16-04.49.50:962][404]LogModuleManager: Shutting down and abandoning module AudioEditor (30)
[2019.01.16-04.49.50:963][404]LogModuleManager: Shutting down and abandoning module TextureCompressor (28)
[2019.01.16-04.49.50:965][404]LogModuleManager: Shutting down and abandoning module ShaderCore (26)
[2019.01.16-04.49.50:965][404]LogModuleManager: Shutting down and abandoning module Landscape (24)
[2019.01.16-04.49.50:965][404]LogModuleManager: Shutting down and abandoning module SlateRHIRenderer (22)
[2019.01.16-04.49.50:969][404]LogModuleManager: Shutting down and abandoning module OpenGLDrv (20)
[2019.01.16-04.49.50:970][404]LogModuleManager: Shutting down and abandoning module D3D11RHI (18)
[2019.01.16-04.49.50:970][404]LogModuleManager: Shutting down and abandoning module AnimGraphRuntime (16)
[2019.01.16-04.49.50:971][404]LogModuleManager: Shutting down and abandoning module Renderer (14)
[2019.01.16-04.49.50:971][404]LogModuleManager: Shutting down and abandoning module Engine (12)
[2019.01.16-04.49.50:971][404]LogModuleManager: Shutting down and abandoning module CoreUObject (10)
[2019.01.16-04.49.50:971][404]LogModuleManager: Shutting down and abandoning module NetworkFile (8)
[2019.01.16-04.49.50:972][404]LogModuleManager: Shutting down and abandoning module StreamingFile (6)
[2019.01.16-04.49.50:972][404]LogModuleManager: Shutting down and abandoning module SandboxFile (4)
[2019.01.16-04.49.50:972][404]LogModuleManager: Shutting down and abandoning module PakFile (2)
[2019.01.16-04.49.50:976][404]LogExit: Exiting.
[2019.01.16-04.49.51:007][404]Log file closed, 01/15/19 23:49:51
